vocabulary size: 85
n tunes: 2368
n train tunes: 2240
n validation tunes: 128
min, max length 38 1047
Train model
Embedding shape (64, ?, 85)
RNN output shape (64, ?, 512)
Reshape shape (?, 512)
Dense shape (?, 85)
0/3500 (epoch 0.000) train_loss=2030.62255859 time/batch=30.99s
1/3500 (epoch 0.029) train_loss=856.91003418 time/batch=9.16s
2/3500 (epoch 0.057) train_loss=653.39147949 time/batch=142.02s
3/3500 (epoch 0.086) train_loss=1312.42016602 time/batch=12.98s
Traceback (most recent call last):
  File "train_rnn.py", line 143, in <module>
    prob_dropout: config.dropout})
  File "C:\Users\Sjoerd de Jong\anaconda3\envs\folkGPU\lib\site-packages\tensorflow\python\client\session.py", line 929, in run
    run_metadata_ptr)
  File "C:\Users\Sjoerd de Jong\anaconda3\envs\folkGPU\lib\site-packages\tensorflow\python\client\session.py", line 1152, in _run
    feed_dict_tensor, options, run_metadata)
  File "C:\Users\Sjoerd de Jong\anaconda3\envs\folkGPU\lib\site-packages\tensorflow\python\client\session.py", line 1328, in _do_run
    run_metadata)
  File "C:\Users\Sjoerd de Jong\anaconda3\envs\folkGPU\lib\site-packages\tensorflow\python\client\session.py", line 1334, in _do_call
    return fn(*args)
  File "C:\Users\Sjoerd de Jong\anaconda3\envs\folkGPU\lib\site-packages\tensorflow\python\client\session.py", line 1319, in _run_fn
    options, feed_dict, fetch_list, target_list, run_metadata)
  File "C:\Users\Sjoerd de Jong\anaconda3\envs\folkGPU\lib\site-packages\tensorflow\python\client\session.py", line 1407, in _call_tf_sessionrun
    run_metadata)
KeyboardInterrupt
